2017/04/11 10:07:45 INFO  - jmeter.util.JMeterUtils: Setting Locale to en_US 
2017/04/11 10:07:45 INFO  - jmeter.JMeter: Loading user properties from: /apache-jmeter-3.1/bin/user.properties 
2017/04/11 10:07:45 INFO  - jmeter.JMeter: Loading system properties from: /apache-jmeter-3.1/bin/system.properties 
2017/04/11 10:07:45 INFO  - jmeter.JMeter: Copyright (c) 1998-2016 The Apache Software Foundation 
2017/04/11 10:07:45 INFO  - jmeter.JMeter: Version 3.0 r1743807 
2017/04/11 10:07:45 INFO  - jmeter.JMeter: java.version=1.8.0_45 
2017/04/11 10:07:45 INFO  - jmeter.JMeter: java.vm.name=Java HotSpot(TM) 64-Bit Server VM 
2017/04/11 10:07:45 INFO  - jmeter.JMeter: os.name=Mac OS X 
2017/04/11 10:07:45 INFO  - jmeter.JMeter: os.arch=x86_64 
2017/04/11 10:07:45 INFO  - jmeter.JMeter: os.version=10.12.2 
2017/04/11 10:07:45 INFO  - jmeter.JMeter: file.encoding=UTF-8 
2017/04/11 10:07:45 INFO  - jmeter.JMeter: Max memory     =514850816 
2017/04/11 10:07:45 INFO  - jmeter.JMeter: Available Processors =4 
2017/04/11 10:07:45 INFO  - jmeter.JMeter: Default Locale=English (United States) 
2017/04/11 10:07:45 INFO  - jmeter.JMeter: JMeter  Locale=English (United States) 
2017/04/11 10:07:45 INFO  - jmeter.JMeter: JMeterHome=/apache-jmeter-3.1 
2017/04/11 10:07:45 INFO  - jmeter.JMeter: user.dir  =/Projects/MyOrder/myorder_jmeter 
2017/04/11 10:07:45 INFO  - jmeter.JMeter: PWD       =/Projects/MyOrder/myorder_jmeter 
2017/04/11 10:07:45 INFO  - jmeter.JMeter: IP: 192.168.1.14 Name: AHMnshahJ6G3QJ.local FullName: 192.168.1.14 
2017/04/11 10:07:46 INFO  - jmeter.gui.action.LookAndFeelCommand: Using look and feel: javax.swing.plaf.nimbus.NimbusLookAndFeel [Nimbus] 
2017/04/11 10:07:46 INFO  - jmeter.JMeter: Loaded icon properties from org/apache/jmeter/images/icon.properties 
2017/04/11 10:07:48 INFO  - jmeter.engine.util.CompoundVariable: Note: Function class names must contain the string: '.functions.' 
2017/04/11 10:07:48 INFO  - jmeter.engine.util.CompoundVariable: Note: Function class names must not contain the string: '.gui.' 
2017/04/11 10:07:50 WARN  - org.jmeterplugins.repository.PluginManagerMenuItem: Failed to load plugin updates info java.net.SocketTimeoutException: Read timed out
	at java.net.SocketInputStream.socketRead0(Native Method)
	at java.net.SocketInputStream.socketRead(SocketInputStream.java:116)
	at java.net.SocketInputStream.read(SocketInputStream.java:170)
	at java.net.SocketInputStream.read(SocketInputStream.java:141)
	at sun.security.ssl.InputRecord.readFully(InputRecord.java:465)
	at sun.security.ssl.InputRecord.readV3Record(InputRecord.java:593)
	at sun.security.ssl.InputRecord.read(InputRecord.java:532)
	at sun.security.ssl.SSLSocketImpl.readRecord(SSLSocketImpl.java:961)
	at sun.security.ssl.SSLSocketImpl.performInitialHandshake(SSLSocketImpl.java:1363)
	at sun.security.ssl.SSLSocketImpl.startHandshake(SSLSocketImpl.java:1391)
	at sun.security.ssl.SSLSocketImpl.startHandshake(SSLSocketImpl.java:1375)
	at org.apache.http.conn.ssl.SSLSocketFactory.connectSocket(SSLSocketFactory.java:553)
	at org.apache.http.conn.ssl.SSLSocketFactory.connectSocket(SSLSocketFactory.java:412)
	at org.apache.http.impl.conn.DefaultClientConnectionOperator.openConnection(DefaultClientConnectionOperator.java:179)
	at org.apache.http.impl.conn.ManagedClientConnectionImpl.open(ManagedClientConnectionImpl.java:328)
	at org.apache.http.impl.client.DefaultRequestDirector.tryConnect(DefaultRequestDirector.java:612)
	at org.apache.http.impl.client.DefaultRequestDirector.execute(DefaultRequestDirector.java:447)
	at org.apache.http.impl.client.AbstractHttpClient.doExecute(AbstractHttpClient.java:884)
	at org.apache.http.impl.client.CloseableHttpClient.execute(CloseableHttpClient.java:82)
	at org.apache.http.impl.client.CloseableHttpClient.execute(CloseableHttpClient.java:107)
	at org.apache.http.impl.client.CloseableHttpClient.execute(CloseableHttpClient.java:55)
	at org.jmeterplugins.repository.JARSourceHTTP.getJSON(JARSourceHTTP.java:104)
	at org.jmeterplugins.repository.JARSourceHTTP.getRepo(JARSourceHTTP.java:135)
	at org.jmeterplugins.repository.PluginManager.load(PluginManager.java:49)
	at org.jmeterplugins.repository.PluginManagerMenuItem.<init>(PluginManagerMenuItem.java:28)
	at org.jmeterplugins.repository.PluginManagerMenuCreator.getMenuItemsAtLocation(PluginManagerMenuCreator.java:22)
	at org.apache.jmeter.gui.util.JMeterMenuBar.addPluginsMenuItems(JMeterMenuBar.java:572)
	at org.apache.jmeter.gui.util.JMeterMenuBar.makeOptionsMenu(JMeterMenuBar.java:349)
	at org.apache.jmeter.gui.util.JMeterMenuBar.createMenuBar(JMeterMenuBar.java:268)
	at org.apache.jmeter.gui.util.JMeterMenuBar.<init>(JMeterMenuBar.java:161)
	at org.apache.jmeter.gui.MainFrame.init(MainFrame.java:493)
	at org.apache.jmeter.gui.MainFrame.<init>(MainFrame.java:241)
	at org.apache.jmeter.JMeter.startGui(JMeter.java:327)
	at org.apache.jmeter.JMeter.start(JMeter.java:480)
	at sun.reflect.NativeMethodAccessorImpl.invoke0(Native Method)
	at sun.reflect.NativeMethodAccessorImpl.invoke(NativeMethodAccessorImpl.java:62)
	at sun.reflect.DelegatingMethodAccessorImpl.invoke(DelegatingMethodAccessorImpl.java:43)
	at java.lang.reflect.Method.invoke(Method.java:497)
	at org.apache.jmeter.NewDriver.main(NewDriver.java:259)

2017/04/11 10:07:51 INFO  - jmeter.gui.util.MenuFactory: Skipping org.apache.jmeter.assertions.BSFAssertion 
2017/04/11 10:07:52 INFO  - jmeter.gui.util.MenuFactory: Skipping org.apache.jmeter.extractor.BSFPostProcessor 
2017/04/11 10:07:52 INFO  - jmeter.gui.util.MenuFactory: Skipping org.apache.jmeter.modifiers.BSFPreProcessor 
2017/04/11 10:07:52 INFO  - jmeter.protocol.http.sampler.HTTPSamplerBase: Parser for text/html is org.apache.jmeter.protocol.http.parser.LagartoBasedHtmlParser 
2017/04/11 10:07:52 INFO  - jmeter.protocol.http.sampler.HTTPSamplerBase: Parser for application/xhtml+xml is org.apache.jmeter.protocol.http.parser.LagartoBasedHtmlParser 
2017/04/11 10:07:52 INFO  - jmeter.protocol.http.sampler.HTTPSamplerBase: Parser for application/xml is org.apache.jmeter.protocol.http.parser.LagartoBasedHtmlParser 
2017/04/11 10:07:52 INFO  - jmeter.protocol.http.sampler.HTTPSamplerBase: Parser for text/xml is org.apache.jmeter.protocol.http.parser.LagartoBasedHtmlParser 
2017/04/11 10:07:52 INFO  - jmeter.protocol.http.sampler.HTTPSamplerBase: Parser for text/vnd.wap.wml is org.apache.jmeter.protocol.http.parser.RegexpHTMLParser 
2017/04/11 10:07:52 INFO  - jmeter.protocol.http.sampler.HTTPSamplerBase: Parser for text/css is org.apache.jmeter.protocol.http.parser.CssParser 
2017/04/11 10:07:52 INFO  - jorphan.exec.KeyToolUtils: keytool found at 'keytool' 
2017/04/11 10:07:52 INFO  - jmeter.protocol.http.proxy.ProxyControl: HTTP(S) Test Script Recorder SSL Proxy will use keys that support embedded 3rd party resources in file /apache-jmeter-3.1/bin/proxyserver.jks 
2017/04/11 10:07:52 INFO  - jmeter.gui.util.MenuFactory: Skipping org.apache.jmeter.protocol.java.sampler.BSFSampler 
2017/04/11 10:07:52 INFO  - jmeter.gui.util.MenuFactory: Skipping org.apache.jmeter.protocol.mongodb.config.MongoSourceElement 
2017/04/11 10:07:52 INFO  - jmeter.gui.util.MenuFactory: Skipping org.apache.jmeter.protocol.mongodb.sampler.MongoScriptSampler 
2017/04/11 10:07:53 INFO  - jmeter.gui.util.MenuFactory: Skipping org.apache.jmeter.timers.BSFTimer 
2017/04/11 10:07:53 INFO  - jmeter.gui.util.MenuFactory: Skipping org.apache.jmeter.visualizers.BSFListener 
2017/04/11 10:07:53 INFO  - jmeter.gui.util.MenuFactory: Skipping org.apache.jmeter.visualizers.MonitorHealthVisualizer 
2017/04/11 10:07:53 INFO  - jmeter.samplers.SampleResult: Note: Sample TimeStamps are START times 
2017/04/11 10:07:53 INFO  - jmeter.samplers.SampleResult: sampleresult.default.encoding is set to ISO-8859-1 
2017/04/11 10:07:53 INFO  - jmeter.samplers.SampleResult: sampleresult.useNanoTime=true 
2017/04/11 10:07:53 INFO  - jmeter.samplers.SampleResult: sampleresult.nanoThreadSleep=5000 
2017/04/11 10:07:53 WARN  - jmeter.visualizers.ViewResultsFullVisualizer: Missing (check spelling error in renderer name) or already added(check doublon) result renderer, check property 'view.results.tree.renderers_order', renderer name:'org.apache.jmeter.visualizers.RenderAsHTMLFormatted' 
2017/04/11 10:08:26 INFO  - jmeter.services.FileServer: Default base='/Projects/MyOrder/myorder_jmeter' 
2017/04/11 10:08:26 INFO  - jmeter.gui.action.Load: Loading file: /Projects/MyOrder/Performance/MyOrderFuelTests.jmx 
2017/04/11 10:08:26 INFO  - jmeter.services.FileServer: Set new base='/Projects/MyOrder/Performance' 
2017/04/11 10:08:26 INFO  - jmeter.save.SaveService: Testplan (JMX) version: 2.2. Testlog (JTL) version: 2.2 
2017/04/11 10:08:26 INFO  - jmeter.save.SaveService: Using SaveService properties file encoding UTF-8 
2017/04/11 10:08:26 INFO  - jmeter.save.SaveService: Using SaveService properties version 3.1 
2017/04/11 10:08:26 WARN  - jmeter.save.SaveService: Bad _version - expected 2.9, found 3.1. 
2017/04/11 10:08:26 INFO  - jmeter.save.SaveService: All converter versions present and correct 
2017/04/11 10:08:26 INFO  - jmeter.save.SaveService: Loading file: /Projects/MyOrder/Performance/MyOrderFuelTests.jmx 
2017/04/11 10:08:27 INFO  - jmeter.protocol.http.control.CookieManager: Settings: Delete null: true Check: true Allow variable: true Save: false Prefix: COOKIE_ 
2017/04/11 10:08:27 WARN  - jmeter.visualizers.ViewResultsFullVisualizer: Missing (check spelling error in renderer name) or already added(check doublon) result renderer, check property 'view.results.tree.renderers_order', renderer name:'org.apache.jmeter.visualizers.RenderAsHTMLFormatted' 
2017/04/11 10:08:27 WARN  - jmeter.visualizers.ViewResultsFullVisualizer: Missing (check spelling error in renderer name) or already added(check doublon) result renderer, check property 'view.results.tree.renderers_order', renderer name:'org.apache.jmeter.visualizers.RenderAsHTMLFormatted' 
2017/04/11 10:08:27 INFO  - jmeter.services.FileServer: Set new base='/Projects/MyOrder/Performance' 
2017/04/11 10:47:04 INFO  - jmeter.gui.action.Load: Loading file: /Projects/MyOrder/Performance/MyOrderRegressionTests-datadriven.jmx 
2017/04/11 10:47:04 INFO  - jmeter.services.FileServer: Set new base='/Projects/MyOrder/Performance' 
2017/04/11 10:47:04 INFO  - jmeter.save.SaveService: Loading file: /Projects/MyOrder/Performance/MyOrderRegressionTests-datadriven.jmx 
2017/04/11 10:47:04 WARN  - jmeter.visualizers.ViewResultsFullVisualizer: Missing (check spelling error in renderer name) or already added(check doublon) result renderer, check property 'view.results.tree.renderers_order', renderer name:'org.apache.jmeter.visualizers.RenderAsHTMLFormatted' 
2017/04/11 10:47:04 INFO  - jmeter.services.FileServer: Set new base='/Projects/MyOrder/Performance' 
2017/04/11 10:48:32 INFO  - jmeter.engine.StandardJMeterEngine: Running the test! 
2017/04/11 10:48:32 INFO  - jmeter.samplers.SampleEvent: List of sample_variables: [] 
2017/04/11 10:48:32 INFO  - jmeter.samplers.SampleEvent: List of sample_variables: [] 
2017/04/11 10:48:32 INFO  - jmeter.gui.util.JMeterMenuBar: setRunning(true,*local*) 
2017/04/11 10:48:33 INFO  - jmeter.engine.StandardJMeterEngine: Starting ThreadGroup: 1 : Direct Debit Ordering 
2017/04/11 10:48:33 INFO  - jmeter.engine.StandardJMeterEngine: Starting 1 threads for group Direct Debit Ordering. 
2017/04/11 10:48:33 INFO  - jmeter.engine.StandardJMeterEngine: Thread will start next loop on error 
2017/04/11 10:48:33 INFO  - jmeter.threads.ThreadGroup: Starting thread group number 1 threads 1 ramp-up 1 perThread 1000.0 delayedStart=false 
2017/04/11 10:48:33 INFO  - jmeter.threads.ThreadGroup: Started thread group number 1 
2017/04/11 10:48:33 INFO  - jmeter.engine.StandardJMeterEngine: All thread groups have been started 
2017/04/11 10:48:33 INFO  - jmeter.threads.JMeterThread: Thread started: Direct Debit Ordering 1-1 
2017/04/11 10:48:33 INFO  - jmeter.protocol.http.sampler.HTTPHCAbstractImpl: Local host = AHMnshahJ6G3QJ.local 
2017/04/11 10:48:33 INFO  - jmeter.protocol.http.sampler.HTTPHC4Impl: HTTP request retry count = 0 
2017/04/11 10:48:53 INFO  - jmeter.threads.JMeterThread: Thread is done: Direct Debit Ordering 1-1 
2017/04/11 10:48:53 INFO  - jmeter.threads.JMeterThread: Thread finished: Direct Debit Ordering 1-1 
2017/04/11 10:48:53 INFO  - jmeter.engine.StandardJMeterEngine: Notifying test listeners of end of test 
2017/04/11 10:48:53 INFO  - jmeter.gui.util.JMeterMenuBar: setRunning(false,*local*) 
2017/04/11 10:51:06 INFO  - jmeter.gui.action.Load: Loading file: /Projects/MyOrder/Performance/MyOrderRegressionTests-datadriven_latest.jmx 
2017/04/11 10:51:06 INFO  - jmeter.services.FileServer: Set new base='/Projects/MyOrder/Performance' 
2017/04/11 10:51:06 INFO  - jmeter.save.SaveService: Loading file: /Projects/MyOrder/Performance/MyOrderRegressionTests-datadriven_latest.jmx 
2017/04/11 10:51:06 WARN  - jmeter.visualizers.ViewResultsFullVisualizer: Missing (check spelling error in renderer name) or already added(check doublon) result renderer, check property 'view.results.tree.renderers_order', renderer name:'org.apache.jmeter.visualizers.RenderAsHTMLFormatted' 
2017/04/11 10:51:06 INFO  - jmeter.services.FileServer: Set new base='/Projects/MyOrder/Performance' 
2017/04/11 10:51:28 INFO  - jmeter.gui.action.Load: Loading file: /Projects/MyOrder/Performance/MyOrderRegressionTests-datadriven.jmx 
2017/04/11 10:51:28 INFO  - jmeter.services.FileServer: Set new base='/Projects/MyOrder/Performance' 
2017/04/11 10:51:28 INFO  - jmeter.save.SaveService: Loading file: /Projects/MyOrder/Performance/MyOrderRegressionTests-datadriven.jmx 
2017/04/11 10:51:28 WARN  - jmeter.visualizers.ViewResultsFullVisualizer: Missing (check spelling error in renderer name) or already added(check doublon) result renderer, check property 'view.results.tree.renderers_order', renderer name:'org.apache.jmeter.visualizers.RenderAsHTMLFormatted' 
2017/04/11 10:51:29 INFO  - jmeter.services.FileServer: Set new base='/Projects/MyOrder/Performance' 
